<?xml version='1.0' encoding='UTF-8'?>
<testsuite hostname="macbook-FR9G3YL96M" name="Test5" tests="8" errors="0" failures="0" skipped="0" time="0.042" timestamp="2023-12-01T15:42:16">
          <properties>
[...]
</properties>
          <testcase classname="Test5" name="leftIdentityLow" time="0.028">
                      
                    </testcase><testcase classname="Test5" name="rightIdentityLow" time="0.0">
                      
                    </testcase><testcase classname="Test5" name="associativityLow" time="0.001">
                      
                    </testcase><testcase classname="Test5" name="usage.simpleUsage" time="0.007">
                      
                    </testcase><testcase classname="Test5" name="usage.errorUsage" time="0.001">
                      
                    </testcase><testcase classname="Test5" name="usage.possibleErrorUsage" time="0.002">
                      
                    </testcase><testcase classname="Test5" name="usage.recoverErrorUsage" time="0.002">
                      
                    </testcase><testcase classname="Test5" name="usage.skippingErrorStopsEvaluation" time="0.001">
                      
                    </testcase>
          <system-out><![CDATA[]]></system-out>
          <system-err><![CDATA[]]></system-err>
        </testsuite>