<?xml version='1.0' encoding='UTF-8'?>
<testsuite hostname="DESKTOP-N6M500L" name="Test1" tests="11" errors="0" failures="0" skipped="0" time="0.1" timestamp="2023-12-01T09:28:48">
          <properties>
[...]
</properties>
          <testcase classname="Test1" name="showCats.veryLittleCat" time="0.047">
                      
                    </testcase><testcase classname="Test1" name="showCats.littleCat" time="0.003">
                      
                    </testcase><testcase classname="Test1" name="showCats.normalCat" time="0.027">
                      
                    </testcase><testcase classname="Test1" name="showCats.bigCat" time="0.005">
                      
                    </testcase><testcase classname="Test1" name="showCats.veryBigCat" time="0.004">
                      
                    </testcase><testcase classname="Test1" name="showBox.emptyBox" time="0.004">
                      
                    </testcase><testcase classname="Test1" name="showBox.catInBox.veryLittleCat" time="0.005">
                      
                    </testcase><testcase classname="Test1" name="showBox.catInBox.littleCat" time="0.001">
                      
                    </testcase><testcase classname="Test1" name="showBox.catInBox.normalCat" time="0.002">
                      
                    </testcase><testcase classname="Test1" name="showBox.catInBox.bigCat" time="0.002">
                      
                    </testcase><testcase classname="Test1" name="showBox.catInBox.veryBigCat" time="0.0">
                      
                    </testcase>
          <system-out><![CDATA[]]></system-out>
          <system-err><![CDATA[]]></system-err>
        </testsuite>