<?xml version='1.0' encoding='UTF-8'?>
<testsuite hostname="DESKTOP-N6M500L" name="Test2" tests="3" errors="0" failures="1" skipped="0" time="0.941" timestamp="2023-12-01T09:28:48">
          <properties>
[...]
</properties>
          <testcase classname="Test2" name="vectorsMustSum" time="0.729">
                      
                    </testcase><testcase classname="Test2" name="angleMustSum" time="0.018">
                      <failure message="assert(angles.combineAll == DegreeAngle(result))
angles: scala.collection.immutable.Vector[Task2.DegreeAngle] = Vector(DegreeAngle(9.11281949E8), DegreeAngle(-9.98181006E8), DegreeAngle(-1.241776419E9), DegreeAngle(-7.09886243E8), DegreeAngle(-1.331161764E9), DegreeAngle(-4.99329705E8), DegreeAngle(1.031849564E9), DegreeAngle(1.570282228E9), DegreeAngle(2.112051352E9), DegreeAngle(1.304403692E9), DegreeAngle(-1.714046362E9), DegreeAngle(6.15616905E8), DegreeAngle(8.42940806E8), DegreeAngle(-3.28396081E8), DegreeAngle(-6.32598755E8), DegreeAngle(-3.89294514E8), DegreeAngle(-1.756804067E9), DegreeAngle(4.64490181E8), DegreeAngle(-1.02239444E9), DegreeAngle(-1.501628287E9), DegreeAngle(-4.41438069E8), DegreeAngle(-1.408059497E9), DegreeAngle(6.8040361E8), DegreeAngle(-4.16880786E8), DegreeAngle(-1.702549656E9), DegreeAngle(1.23353375E9), DegreeAngle(2.138696352E9), DegreeAngle(1.029372727E9), DegreeAngle(1.954528557E9), DegreeAngle(1.208488229E9), DegreeAngle(1.90032314E8), DegreeAngle(1.388725719E9), DegreeAngle(-6.44814617E8), DegreeAngle(-1.67256809E8), DegreeAngle(1.686808765E9), DegreeAngle(-4.98765724E8), DegreeAngle(4.87938599E8), DegreeAngle(6.50860503E8), DegreeAngle(9.5037558E7), DegreeAngle(2.12773012E8), DegreeAngle(-1.50928122E9), DegreeAngle(-1.456086425E9), DegreeAngle(1.62881537E8), DegreeAngle(1.508663937E9), DegreeAngle(1.71416739E8), DegreeAngle(1.08761278E9), DegreeAngle(-1.240167333E9), DegreeAngle(5.93228464E8), DegreeAngle(-8.97058114E8), DegreeAngle(-1.976897847E9))
result: Double = 249.0" type="utest.AssertionError">utest.AssertionError: assert(angles.combineAll == DegreeAngle(result))
angles: scala.collection.immutable.Vector[Task2.DegreeAngle] = Vector(DegreeAngle(9.11281949E8), DegreeAngle(-9.98181006E8), DegreeAngle(-1.241776419E9), DegreeAngle(-7.09886243E8), DegreeAngle(-1.331161764E9), DegreeAngle(-4.99329705E8), DegreeAngle(1.031849564E9), DegreeAngle(1.570282228E9), DegreeAngle(2.112051352E9), DegreeAngle(1.304403692E9), DegreeAngle(-1.714046362E9), DegreeAngle(6.15616905E8), DegreeAngle(8.42940806E8), DegreeAngle(-3.28396081E8), DegreeAngle(-6.32598755E8), DegreeAngle(-3.89294514E8), DegreeAngle(-1.756804067E9), DegreeAngle(4.64490181E8), DegreeAngle(-1.02239444E9), DegreeAngle(-1.501628287E9), DegreeAngle(-4.41438069E8), DegreeAngle(-1.408059497E9), DegreeAngle(6.8040361E8), DegreeAngle(-4.16880786E8), DegreeAngle(-1.702549656E9), DegreeAngle(1.23353375E9), DegreeAngle(2.138696352E9), DegreeAngle(1.029372727E9), DegreeAngle(1.954528557E9), DegreeAngle(1.208488229E9), DegreeAngle(1.90032314E8), DegreeAngle(1.388725719E9), DegreeAngle(-6.44814617E8), DegreeAngle(-1.67256809E8), DegreeAngle(1.686808765E9), DegreeAngle(-4.98765724E8), DegreeAngle(4.87938599E8), DegreeAngle(6.50860503E8), DegreeAngle(9.5037558E7), DegreeAngle(2.12773012E8), DegreeAngle(-1.50928122E9), DegreeAngle(-1.456086425E9), DegreeAngle(1.62881537E8), DegreeAngle(1.508663937E9), DegreeAngle(1.71416739E8), DegreeAngle(1.08761278E9), DegreeAngle(-1.240167333E9), DegreeAngle(5.93228464E8), DegreeAngle(-8.97058114E8), DegreeAngle(-1.976897847E9))
result: Double = 249.0
	at utest.asserts.Util$.$anonfun$makeAssertError$1(Util.scala:26)
	at utest.framework.StackMarker$.dropInside(StackMarker.scala:11)
	at utest.asserts.Util$.makeAssertError(Util.scala:25)
	at utest.asserts.Asserts$.assertImpl(Asserts.scala:114)
	at Test2$.$anonfun$tests$9(Test2.scala:20)
	at scala.collection.immutable.Range.foreach$mVc$sp(Range.scala:158)
	at Test2$.$anonfun$tests$8(Test2.scala:17)
	at utest.framework.StackMarker$.dropOutside(StackMarker.scala:13)
	at utest.framework.TestCallTree.run(Model.scala:35)
	at utest.framework.TestCallTree.run(Model.scala:33)
	at utest.TestRunner$.$anonfun$runAsync$4(TestRunner.scala:70)
	at utest.framework.Executor.utestWrap(Executor.scala:7)
	at utest.framework.Executor.utestWrap$(Executor.scala:5)
	at utest.TestSuite.utestWrap(TestSuite.scala:16)
	at utest.TestRunner$.$anonfun$runAsync$2(TestRunner.scala:69)
	at utest.TestRunner$.evaluateFutureTree(TestRunner.scala:146)
	at utest.TestRunner$.$anonfun$evaluateFutureTree$2(TestRunner.scala:149)
	at scala.concurrent.Future$.$anonfun$traverse$1(Future.scala:850)
	at scala.collection.IndexedSeqOptimized.foldLeft(IndexedSeqOptimized.scala:60)
	at scala.collection.IndexedSeqOptimized.foldLeft$(IndexedSeqOptimized.scala:68)
	at scala.collection.mutable.ArrayBuffer.foldLeft(ArrayBuffer.scala:49)
	at scala.concurrent.Future$.traverse(Future.scala:850)
	at utest.TestRunner$.evaluateFutureTree(TestRunner.scala:149)
	at utest.TestRunner$.runAsync(TestRunner.scala:89)
	at utest.runner.BaseRunner.runSuite(BaseRunner.scala:137)
	at utest.runner.BaseRunner.$anonfun$makeTask$1(BaseRunner.scala:145)
	at utest.runner.Task.executeInternal(Task.scala:38)
	at utest.runner.Task.execute(Task.scala:20)
	at sbt.TestRunner.runTest$1(TestFramework.scala:153)
	at sbt.TestRunner.run(TestFramework.scala:168)
	at sbt.TestFramework$$anon$3$$anonfun$$lessinit$greater$1.$anonfun$apply$1(TestFramework.scala:336)
	at sbt.TestFramework$.sbt$TestFramework$$withContextLoader(TestFramework.scala:296)
	at sbt.TestFramework$$anon$3$$anonfun$$lessinit$greater$1.apply(TestFramework.scala:336)
	at sbt.TestFramework$$anon$3$$anonfun$$lessinit$greater$1.apply(TestFramework.scala:336)
	at sbt.TestFunction.apply(TestFramework.scala:348)
	at sbt.Tests$.$anonfun$toTask$1(Tests.scala:436)
	at sbt.std.Transform$$anon$3.$anonfun$apply$2(Transform.scala:47)
	at sbt.std.Transform$$anon$4.work(Transform.scala:69)
	at sbt.Execute.$anonfun$submit$2(Execute.scala:283)
	at sbt.internal.util.ErrorHandling$.wideConvert(ErrorHandling.scala:24)
	at sbt.Execute.work(Execute.scala:292)
	at sbt.Execute.$anonfun$submit$1(Execute.scala:283)
	at sbt.ConcurrentRestrictions$$anon$4.$anonfun$submitValid$1(ConcurrentRestrictions.scala:265)
	at sbt.CompletionService$$anon$2.call(CompletionService.scala:65)
	at java.base/java.util.concurrent.FutureTask.run(FutureTask.java:264)
	at java.base/java.util.concurrent.Executors$RunnableAdapter.call(Executors.java:515)
	at java.base/java.util.concurrent.FutureTask.run(FutureTask.java:264)
	at java.base/java.util.concurrent.ThreadPoolExecutor.runWorker(ThreadPoolExecutor.java:1128)
	at java.base/java.util.concurrent.ThreadPoolExecutor$Worker.run(ThreadPoolExecutor.java:628)
	at java.base/java.lang.Thread.run(Thread.java:829)
</failure>
                    </testcase><testcase classname="Test2" name="matrixMustSum" time="0.194">
                      
                    </testcase>
          <system-out><![CDATA[]]></system-out>
          <system-err><![CDATA[]]></system-err>
        </testsuite>